[0m23:47:56.251059 [debug] [MainThread]: Sending event: {'category': 'dbt', 'action': 'invocation', 'label': 'start', 'context': [<snowplow_tracker.self_describing_json.SelfDescribingJson object at 0x7c082dfaef90>, <snowplow_tracker.self_describing_json.SelfDescribingJson object at 0x7c082d5c45c0>, <snowplow_tracker.self_describing_json.SelfDescribingJson object at 0x7c082de8af00>]}


============================== 23:47:56.257622 | a0ffa371-977c-45da-a7cf-badd1ac40ab3 ==============================
[0m23:47:56.257622 [info ] [MainThread]: Running with dbt=1.9.4
[0m23:47:56.258834 [debug] [MainThread]: running dbt with arguments {'printer_width': '80', 'indirect_selection': 'eager', 'log_cache_events': 'False', 'write_json': 'True', 'partial_parse': 'True', 'cache_selected_only': 'False', 'warn_error': 'None', 'debug': 'False', 'profiles_dir': '/home/ibai/.dbt', 'log_path': 'logs', 'version_check': 'True', 'fail_fast': 'False', 'use_colors': 'True', 'use_experimental_parser': 'False', 'empty': 'None', 'quiet': 'False', 'no_print': 'None', 'log_format': 'default', 'static_parser': 'True', 'invocation_command': 'dbt init', 'warn_error_options': 'WarnErrorOptions(include=[], exclude=[])', 'target_path': 'None', 'introspect': 'True', 'send_anonymous_usage_stats': 'True'}
[0m23:48:05.020990 [debug] [MainThread]: Starter project path: /home/ibai/.local/share/virtualenvs/Berlin-Weather-Project-4Oo8fieB/lib/python3.12/site-packages/dbt/include/starter_project
[0m23:48:05.024415 [info ] [MainThread]: 
Your new dbt project "berlin_weather" was created!

For more information on how to configure the profiles.yml file,
please consult the dbt documentation here:

  https://docs.getdbt.com/docs/configure-your-profile

One more thing:

Need help? Don't hesitate to reach out to us via GitHub issues or on Slack:

  https://community.getdbt.com/

Happy modeling!

[0m23:48:05.025173 [info ] [MainThread]: Setting up your profile.
[0m23:48:58.580691 [info ] [MainThread]: Profile berlin_weather written to /home/ibai/.dbt/profiles.yml using target's profile_template.yml and your supplied values. Run 'dbt debug' to validate the connection.
[0m23:48:58.582629 [debug] [MainThread]: Resource report: {"command_name": "init", "command_success": true, "command_wall_clock_time": 62.398262, "process_in_blocks": "0", "process_kernel_time": 1.025101, "process_mem_max_rss": "214888", "process_out_blocks": "80", "process_user_time": 2.009962}
[0m23:48:58.583390 [debug] [MainThread]: Command `dbt init` succeeded at 23:48:58.583249 after 62.40 seconds
[0m23:48:58.584105 [debug] [MainThread]: Sending event: {'category': 'dbt', 'action': 'invocation', 'label': 'end', 'context': [<snowplow_tracker.self_describing_json.SelfDescribingJson object at 0x7c082de0ad20>, <snowplow_tracker.self_describing_json.SelfDescribingJson object at 0x7c082d20ee70>, <snowplow_tracker.self_describing_json.SelfDescribingJson object at 0x7c07f9cd2000>]}
[0m23:48:58.584986 [debug] [MainThread]: Flushing usage events
[0m23:48:59.280580 [debug] [MainThread]: An error was encountered while trying to flush usage events
